        -:    0:Source:testme.c
        -:    0:Graph:testme.gcno
        -:    0:Data:testme.gcda
        -:    0:Runs:1
        -:    0:Programs:1
        -:    1:#include<stdio.h>
        -:    2:#include<string.h>
        -:    3:#include<stdlib.h>
        -:    4:#include<time.h>
        -:    5:
        -:    6:char inputChar()
        -:    7:{
        -:    8:    // TODO: rewrite this function
 89843774:    9:    return random() % 128;
        -:   10:}
        -:   11:
        -:   12:char *inputString()
        -:   13:{
        -:   14:  // TODO: rewrite this function
        -:   15:  const char letters[] = "abcdefghijklmnopqrstuvwxyzABCDEFGHIJKLMNOPQRSTUVWXYZ";
 89843774:   16:  char* result = malloc(6 * sizeof(char));
 44921887:   17:  memset(result, '\0', 6);
        -:   18:
539062644:   19:  for (int i = 0; i < 5; i++)
        -:   20:  {
224609435:   21:    result[i] = letters[random() % 52];
224609435:   22:  }
        -:   23:
 44921887:   24:  return result;
        -:   25:}
        -:   26:
        -:   27:void testme()
        -:   28:{
        2:   29:  int tcCount = 0;
        -:   30:  char *s;
        -:   31:  char c;
        1:   32:  int state = 0;
        1:   33:  srand(time(NULL));
 44921887:   34:  while (1)
        -:   35:  {
 44921887:   36:    tcCount++;
 44921887:   37:    c = inputChar();
 44921887:   38:    s = inputString();
 44921887:   39:    printf("Iteration %d: c = %c, s = %s, state = %d\n", tcCount, c, s, state);
        -:   40:
 45273321:   41:    if (c == '[' && state == 0) state = 1;
 45272459:   42:    if (c == '(' && state == 1) state = 2;
 45273003:   43:    if (c == '{' && state == 2) state = 3;
 45272472:   44:    if (c == ' '&& state == 3) state = 4;
 45272514:   45:    if (c == 'a' && state == 4) state = 5;
 45272938:   46:    if (c == 'x' && state == 5) state = 6;
 45271665:   47:    if (c == '}' && state == 6) state = 7;
 45272782:   48:    if (c == ')' && state == 7) state = 8;
 45272255:   49:    if (c == ']' && state == 8) state = 9;
 45787370:   50:    if (s[0] == 'r' && s[1] == 'e'
   882484:   51:       && s[2] == 's' && s[3] == 'e'
      332:   52:       && s[4] == 't' && s[5] == '\0'
        2:   53:       && state == 9)
        -:   54:    {
        1:   55:      printf("error ");
        1:   56:      free(s);
        1:   57:      exit(200);
        -:   58:    }
 44921886:   59:    free(s);
        -:   60:  }
    #####:   61:}
        -:   62:
        -:   63:
        -:   64:int main(int argc, char *argv[])
        -:   65:{
        1:   66:    srand(time(NULL));
        1:   67:    testme();
        1:   68:    return 0;
        -:   69:}
